生成启动时间为 2018/4/7 23:16:24。
     1>项目“F:\Code\LearningOpenCV3_code\example_02-01\example_02-01\example_02-01.vcxproj”在节点 2 上(build 个目标)。
     1>PrepareForBuild:
         正在创建目录“F:\Code\LearningOpenCV3_code\example_02-01\Debug\”。
       InitializeBuildStatus:
         正在创建“Debug\example_02-01.unsuccessfulbuild”，因为已指定“AlwaysCreate”。
       ClCompile:
         C:\Program Files (x86)\Microsoft Visual Studio 10.0\VC\bin\CL.exe /c /ZI /nologo /W3 /WX- /Od /Oy- /D _MBCS /Gm /EHsc /RTC1 /MDd /GS /fp:precise /Zc:wchar_t /Zc:forScope /Fo"Debug\\" /Fd"Debug\vc100.pdb" /Gd /TP /analyze- /errorReport:prompt main.cpp
         main.cpp
       Link:
         C:\Program Files (x86)\Microsoft Visual Studio 10.0\VC\bin\link.exe /ERRORREPORT:PROMPT /OUT:"F:\Code\LearningOpenCV3_code\example_02-01\Debug\example_02-01.exe" /NOLOGO opencv_calib3d341d.lib opencv_core341d.lib opencv_dnn341d.lib opencv_features2d341d.lib opencv_flann341d.lib opencv_highgui341d.lib opencv_imgcodecs341d.lib opencv_imgproc341d.lib opencv_ml341d.lib opencv_objdetect341d.lib opencv_photo341d.lib opencv_shape341d.lib opencv_stitching341d.lib opencv_superres341d.lib opencv_video341d.lib opencv_videoio341d.lib opencv_videostab341d.lib kernel32.lib user32.lib gdi32.lib winspool.lib comdlg32.lib advapi32.lib shell32.lib ole32.lib oleaut32.lib uuid.lib odbc32.lib odbccp32.lib /MANIFEST /ManifestFile:"Debug\example_02-01.exe.intermediate.manifest" /MANIFESTUAC:"level='asInvoker' uiAccess='false'" /DEBUG /PDB:"F:\Code\LearningOpenCV3_code\example_02-01\Debug\example_02-01.pdb" /TLBID:1 /DYNAMICBASE /NXCOMPAT /IMPLIB:"F:\Code\LearningOpenCV3_code\example_02-01\Debug\example_02-01.lib" /MACHINE:X86 Debug\main.obj
         example_02-01.vcxproj -> F:\Code\LearningOpenCV3_code\example_02-01\Debug\example_02-01.exe
       Manifest:
         C:\Program Files (x86)\Microsoft SDKs\Windows\v7.0A\bin\mt.exe /nologo /verbose /outputresource:"F:\Code\LearningOpenCV3_code\example_02-01\Debug\example_02-01.exe;#1" /manifest "Debug\example_02-01.exe.intermediate.manifest"
       FinalizeBuildStatus:
         正在删除文件“Debug\example_02-01.unsuccessfulbuild”。
         正在对“Debug\example_02-01.lastbuildstate”执行 Touch 任务。
     1>已完成生成项目“F:\Code\LearningOpenCV3_code\example_02-01\example_02-01\example_02-01.vcxproj”(build 个目标)的操作。

生成成功。

已用时间 00:00:03.78
